[2025-08-20T17:23:51.413+0000] {local_task_job_runner.py:120} INFO - ::group::Pre task execution logs
[2025-08-20T17:23:51.435+0000] {taskinstance.py:2076} INFO - Dependencies all met for dep_context=non-requeueable deps ti=<TaskInstance: nyc_hiring_dbt_pipeline.run_dbt_silver_models manual__2025-08-20T17:23:43.786627+00:00 [queued]>
[2025-08-20T17:23:51.444+0000] {taskinstance.py:2076} INFO - Dependencies all met for dep_context=requeueable deps ti=<TaskInstance: nyc_hiring_dbt_pipeline.run_dbt_silver_models manual__2025-08-20T17:23:43.786627+00:00 [queued]>
[2025-08-20T17:23:51.444+0000] {taskinstance.py:2306} INFO - Starting attempt 1 of 1
[2025-08-20T17:23:51.478+0000] {taskinstance.py:2330} INFO - Executing <Task(PythonOperator): run_dbt_silver_models> on 2025-08-20 17:23:43.786627+00:00
[2025-08-20T17:23:51.482+0000] {standard_task_runner.py:63} INFO - Started process 58686 to run task
[2025-08-20T17:23:51.485+0000] {standard_task_runner.py:90} INFO - Running: ['airflow', 'tasks', 'run', 'nyc_hiring_dbt_pipeline', 'run_dbt_silver_models', 'manual__2025-08-20T17:23:43.786627+00:00', '--job-id', '20', '--raw', '--subdir', 'DAGS_FOLDER/dbt_dag.py', '--cfg-path', '/tmp/tmp45gtjphb']
[2025-08-20T17:23:51.486+0000] {standard_task_runner.py:91} INFO - Job 20: Subtask run_dbt_silver_models
[2025-08-20T17:23:51.557+0000] {task_command.py:426} INFO - Running <TaskInstance: nyc_hiring_dbt_pipeline.run_dbt_silver_models manual__2025-08-20T17:23:43.786627+00:00 [running]> on host 4e81cb17b5ff
[2025-08-20T17:23:51.654+0000] {taskinstance.py:2648} INFO - Exporting env vars: AIRFLOW_CTX_DAG_OWNER='airflow' AIRFLOW_CTX_DAG_ID='nyc_hiring_dbt_pipeline' AIRFLOW_CTX_TASK_ID='run_dbt_silver_models' AIRFLOW_CTX_EXECUTION_DATE='2025-08-20T17:23:43.786627+00:00' AIRFLOW_CTX_TRY_NUMBER='1' AIRFLOW_CTX_DAG_RUN_ID='manual__2025-08-20T17:23:43.786627+00:00'
[2025-08-20T17:23:51.654+0000] {taskinstance.py:430} INFO - ::endgroup::
[2025-08-20T17:23:55.170+0000] {logging_mixin.py:188} INFO - DBT command succeeded: dbt run --profile nyc_hiring_dbt --select silver
[2025-08-20T17:23:55.171+0000] {logging_mixin.py:188} INFO - stdout:
17:23:52  Running with dbt=1.10.8
17:23:52  Registered adapter: duckdb=1.9.4
17:23:53  [WARNING]: Configuration paths exist in your dbt_project.yml file which do not apply to any resources.
There are 1 unused configuration paths:
- models.nyc_hiring_dbt.gold
17:23:53  Found 14 models, 429 macros
17:23:53  
17:23:53  Concurrency: 1 threads (target='dev')
17:23:53  
17:23:53  1 of 6 START sql table model main.citywide_payroll_silver ...................... [RUN]
17:23:53  1 of 6 OK created sql table model main.citywide_payroll_silver ................. [OK in 0.14s]
17:23:53  2 of 6 START sql table model main.jobs_postings_silver ......................... [RUN]
17:23:54  2 of 6 OK created sql table model main.jobs_postings_silver .................... [OK in 0.40s]
17:23:54  3 of 6 START sql table model main.lightcast_top_posted_job_titles_silver ....... [RUN]
17:23:54  3 of 6 OK created sql table model main.lightcast_top_posted_job_titles_silver .. [OK in 0.08s]
17:23:54  4 of 6 START sql table model main.lightcast_top_posted_occupations_onet_silver . [RUN]
17:23:54  4 of 6 OK created sql table model main.lightcast_top_posted_occupations_onet_silver  [OK in 0.08s]
17:23:54  5 of 6 START sql table model main.lightcast_top_posted_occupations_silver ...... [RUN]
17:23:54  5 of 6 OK created sql table model main.lightcast_top_posted_occupations_silver . [OK in 0.08s]
17:23:54  6 of 6 START sql table model main.lightcast_top_posted_occupations_soc_silver .. [RUN]
17:23:54  6 of 6 OK created sql table model main.lightcast_top_posted_occupations_soc_silver  [OK in 0.08s]
17:23:54  
17:23:54  Finished running 6 table models in 0 hours 0 minutes and 1.06 seconds (1.06s).
17:23:54  
17:23:54  Completed successfully
17:23:54  
17:23:54  Done. PASS=6 WARN=0 ERROR=0 SKIP=0 NO-OP=0 TOTAL=6
[2025-08-20T17:23:55.172+0000] {logging_mixin.py:188} INFO - stderr:
[2025-08-20T17:23:55.172+0000] {python.py:237} INFO - Done. Returned value was: None
[2025-08-20T17:23:55.172+0000] {taskinstance.py:441} INFO - ::group::Post task execution logs
[2025-08-20T17:23:55.181+0000] {taskinstance.py:1206} INFO - Marking task as SUCCESS. dag_id=nyc_hiring_dbt_pipeline, task_id=run_dbt_silver_models, run_id=manual__2025-08-20T17:23:43.786627+00:00, execution_date=20250820T172343, start_date=20250820T172351, end_date=20250820T172355
[2025-08-20T17:23:55.225+0000] {local_task_job_runner.py:240} INFO - Task exited with return code 0
[2025-08-20T17:23:55.241+0000] {taskinstance.py:3503} INFO - 0 downstream tasks scheduled from follow-on schedule check
[2025-08-20T17:23:55.243+0000] {local_task_job_runner.py:222} INFO - ::endgroup::
