[2025-08-20T17:23:45.912+0000] {local_task_job_runner.py:120} INFO - ::group::Pre task execution logs
[2025-08-20T17:23:45.932+0000] {taskinstance.py:2076} INFO - Dependencies all met for dep_context=non-requeueable deps ti=<TaskInstance: nyc_hiring_dbt_pipeline.run_dbt_bronze_models manual__2025-08-20T17:23:43.786627+00:00 [queued]>
[2025-08-20T17:23:45.939+0000] {taskinstance.py:2076} INFO - Dependencies all met for dep_context=requeueable deps ti=<TaskInstance: nyc_hiring_dbt_pipeline.run_dbt_bronze_models manual__2025-08-20T17:23:43.786627+00:00 [queued]>
[2025-08-20T17:23:45.940+0000] {taskinstance.py:2306} INFO - Starting attempt 1 of 1
[2025-08-20T17:23:45.971+0000] {taskinstance.py:2330} INFO - Executing <Task(PythonOperator): run_dbt_bronze_models> on 2025-08-20 17:23:43.786627+00:00
[2025-08-20T17:23:45.975+0000] {standard_task_runner.py:63} INFO - Started process 58434 to run task
[2025-08-20T17:23:45.978+0000] {standard_task_runner.py:90} INFO - Running: ['airflow', 'tasks', 'run', 'nyc_hiring_dbt_pipeline', 'run_dbt_bronze_models', 'manual__2025-08-20T17:23:43.786627+00:00', '--job-id', '19', '--raw', '--subdir', 'DAGS_FOLDER/dbt_dag.py', '--cfg-path', '/tmp/tmplpt8zc53']
[2025-08-20T17:23:45.979+0000] {standard_task_runner.py:91} INFO - Job 19: Subtask run_dbt_bronze_models
[2025-08-20T17:23:46.048+0000] {task_command.py:426} INFO - Running <TaskInstance: nyc_hiring_dbt_pipeline.run_dbt_bronze_models manual__2025-08-20T17:23:43.786627+00:00 [running]> on host 4e81cb17b5ff
[2025-08-20T17:23:46.144+0000] {taskinstance.py:2648} INFO - Exporting env vars: AIRFLOW_CTX_DAG_OWNER='airflow' AIRFLOW_CTX_DAG_ID='nyc_hiring_dbt_pipeline' AIRFLOW_CTX_TASK_ID='run_dbt_bronze_models' AIRFLOW_CTX_EXECUTION_DATE='2025-08-20T17:23:43.786627+00:00' AIRFLOW_CTX_TRY_NUMBER='1' AIRFLOW_CTX_DAG_RUN_ID='manual__2025-08-20T17:23:43.786627+00:00'
[2025-08-20T17:23:46.145+0000] {taskinstance.py:430} INFO - ::endgroup::
[2025-08-20T17:23:49.509+0000] {logging_mixin.py:188} INFO - DBT command succeeded: dbt run --profile nyc_hiring_dbt --select bronze
[2025-08-20T17:23:49.510+0000] {logging_mixin.py:188} INFO - stdout:
17:23:47  Running with dbt=1.10.8
17:23:47  Registered adapter: duckdb=1.9.4
17:23:47  [WARNING]: Configuration paths exist in your dbt_project.yml file which do not apply to any resources.
There are 1 unused configuration paths:
- models.nyc_hiring_dbt.gold
17:23:47  Found 14 models, 429 macros
17:23:47  
17:23:47  Concurrency: 1 threads (target='dev')
17:23:47  
17:23:47  1 of 6 START sql table model main.citywide_payroll_bronze ...................... [RUN]
17:23:48  1 of 6 OK created sql table model main.citywide_payroll_bronze ................. [OK in 0.16s]
17:23:48  2 of 6 START sql table model main.jobs_postings_bronze ......................... [RUN]
17:23:48  2 of 6 OK created sql table model main.jobs_postings_bronze .................... [OK in 0.22s]
17:23:48  3 of 6 START sql table model main.lightcast_top_posted_job_titles_bronze ....... [RUN]
17:23:48  3 of 6 OK created sql table model main.lightcast_top_posted_job_titles_bronze .. [OK in 0.08s]
17:23:48  4 of 6 START sql table model main.lightcast_top_posted_occupations_bronze ...... [RUN]
17:23:48  4 of 6 OK created sql table model main.lightcast_top_posted_occupations_bronze . [OK in 0.08s]
17:23:48  5 of 6 START sql table model main.lightcast_top_posted_occupations_onet_bronze . [RUN]
17:23:48  5 of 6 OK created sql table model main.lightcast_top_posted_occupations_onet_bronze  [OK in 0.08s]
17:23:48  6 of 6 START sql table model main.lightcast_top_posted_occupations_soc_bronze .. [RUN]
17:23:48  6 of 6 OK created sql table model main.lightcast_top_posted_occupations_soc_bronze  [OK in 0.08s]
17:23:48  
17:23:48  Finished running 6 table models in 0 hours 0 minutes and 0.91 seconds (0.91s).
17:23:48  
17:23:48  Completed successfully
17:23:48  
17:23:48  Done. PASS=6 WARN=0 ERROR=0 SKIP=0 NO-OP=0 TOTAL=6
[2025-08-20T17:23:49.510+0000] {logging_mixin.py:188} INFO - stderr:
[2025-08-20T17:23:49.510+0000] {python.py:237} INFO - Done. Returned value was: None
[2025-08-20T17:23:49.511+0000] {taskinstance.py:441} INFO - ::group::Post task execution logs
[2025-08-20T17:23:49.520+0000] {taskinstance.py:1206} INFO - Marking task as SUCCESS. dag_id=nyc_hiring_dbt_pipeline, task_id=run_dbt_bronze_models, run_id=manual__2025-08-20T17:23:43.786627+00:00, execution_date=20250820T172343, start_date=20250820T172345, end_date=20250820T172349
[2025-08-20T17:23:49.599+0000] {local_task_job_runner.py:240} INFO - Task exited with return code 0
[2025-08-20T17:23:49.623+0000] {taskinstance.py:3503} INFO - 1 downstream tasks scheduled from follow-on schedule check
[2025-08-20T17:23:49.639+0000] {local_task_job_runner.py:222} INFO - ::endgroup::
