2025-08-14 18:26:55,106 - __main__ - INFO - ============================================================
2025-08-14 18:26:55,107 - __main__ - INFO - STARTING DATA ACQUISITION
2025-08-14 18:26:55,107 - __main__ - INFO - ============================================================
2025-08-14 18:26:55,107 - __main__ - INFO - Data acquisition completed successfully.
2025-08-14 18:30:05,645 - __main__ - INFO - ============================================================
2025-08-14 18:30:05,646 - __main__ - INFO - STARTING DATA ACQUISITION
2025-08-14 18:30:05,646 - __main__ - INFO - ============================================================
2025-08-14 18:30:05,646 - __main__ - INFO - Data acquisition completed successfully.
2025-08-14 18:31:29,755 - __main__ - INFO - ============================================================
2025-08-14 18:31:29,755 - __main__ - INFO - STARTING DATA ACQUISITION
2025-08-14 18:31:29,755 - __main__ - INFO - ============================================================
2025-08-14 18:31:29,755 - __main__ - INFO - URL for Citywide_Payroll_Data_Dictionary.xlsx: None
2025-08-14 18:31:29,756 - __main__ - INFO - URL for Jobs_NYC_Postings_Data_Dictionary.xlsx: None
2025-08-14 18:31:29,756 - __main__ - INFO - Data acquisition completed successfully.
2025-08-14 18:32:24,395 - __main__ - INFO - ============================================================
2025-08-14 18:32:24,395 - __main__ - INFO - STARTING DATA ACQUISITION
2025-08-14 18:32:24,396 - __main__ - INFO - ============================================================
2025-08-14 18:32:24,396 - __main__ - INFO - URL for Citywide_Payroll_Data_Dictionary.xlsx: https://data.cityofnewyork.us/api/views/k397-673e/files/03587dca-c6b9-4bb5-a85c-27795f100b52?download=true&filename=Citywide%20Payroll%20Data%20(Fiscal%20Year)%20Data%20Dictionary.xlsx
2025-08-14 18:32:24,396 - __main__ - INFO - Downloading file from https://data.cityofnewyork.us/api/views/k397-673e/files/03587dca-c6b9-4bb5-a85c-27795f100b52?download=true&filename=Citywide%20Payroll%20Data%20(Fiscal%20Year)%20Data%20Dictionary.xlsx
2025-08-14 18:32:25,728 - __main__ - INFO - File saved to data/raw/Citywide_Payroll_Data_Dictionary.xlsx
2025-08-14 18:32:25,728 - __main__ - INFO - URL for Jobs_NYC_Postings_Data_Dictionary.xlsx: https://data.cityofnewyork.us/api/views/kpav-sd4t/files/247a3fc0-06b5-45a2-b739-11db5cdc5e1c?download=true&filename=Jobs%20NYC%20Postings_Data%20Dictionary.xlsx
2025-08-14 18:32:25,728 - __main__ - INFO - Downloading file from https://data.cityofnewyork.us/api/views/kpav-sd4t/files/247a3fc0-06b5-45a2-b739-11db5cdc5e1c?download=true&filename=Jobs%20NYC%20Postings_Data%20Dictionary.xlsx
2025-08-14 18:32:26,125 - __main__ - INFO - File saved to data/raw/Jobs_NYC_Postings_Data_Dictionary.xlsx
2025-08-14 18:32:26,126 - __main__ - INFO - Data acquisition completed successfully.
2025-08-14 18:57:04,972 - __main__ - INFO - ============================================================
2025-08-14 18:57:04,972 - __main__ - INFO - STARTING DATA ACQUISITION
2025-08-14 18:57:04,973 - __main__ - INFO - ============================================================
2025-08-14 18:57:04,973 - __main__ - INFO - URL for Citywide_Payroll_Data_Dictionary.xlsx: https://data.cityofnewyork.us/api/views/k397-673e/files/03587dca-c6b9-4bb5-a85c-27795f100b52?download=true&filename=Citywide%20Payroll%20Data%20(Fiscal%20Year)%20Data%20Dictionary.xlsx
2025-08-14 18:57:04,973 - __main__ - INFO - Downloading and streaming file from https://data.cityofnewyork.us/api/views/k397-673e/files/03587dca-c6b9-4bb5-a85c-27795f100b52?download=true&filename=Citywide%20Payroll%20Data%20(Fiscal%20Year)%20Data%20Dictionary.xlsx to MinIO
2025-08-14 18:57:06,115 - __main__ - INFO - File streamed to MinIO at project4-bronze/raw/Citywide_Payroll_Data_Dictionary.xlsx
2025-08-14 18:57:06,116 - __main__ - INFO - URL for Jobs_NYC_Postings_Data_Dictionary.xlsx: https://data.cityofnewyork.us/api/views/kpav-sd4t/files/247a3fc0-06b5-45a2-b739-11db5cdc5e1c?download=true&filename=Jobs%20NYC%20Postings_Data%20Dictionary.xlsx
2025-08-14 18:57:06,116 - __main__ - INFO - Downloading and streaming file from https://data.cityofnewyork.us/api/views/kpav-sd4t/files/247a3fc0-06b5-45a2-b739-11db5cdc5e1c?download=true&filename=Jobs%20NYC%20Postings_Data%20Dictionary.xlsx to MinIO
2025-08-14 18:57:06,607 - __main__ - INFO - File streamed to MinIO at project4-bronze/raw/Jobs_NYC_Postings_Data_Dictionary.xlsx
2025-08-14 18:57:06,607 - __main__ - INFO - Data acquisition completed successfully.
2025-08-14 19:09:54,494 - __main__ - INFO - ============================================================
2025-08-14 19:09:54,494 - __main__ - INFO - STARTING DATA ACQUISITION
2025-08-14 19:09:54,494 - __main__ - INFO - ============================================================
2025-08-14 19:09:54,495 - __main__ - INFO - URL for Citywide_Payroll_Data.json: https://data.cityofnewyork.us/resource/k397-673e.json
2025-08-14 19:09:54,495 - __main__ - INFO - Downloading JSON data from https://data.cityofnewyork.us/resource/k397-673e.json
2025-08-14 19:09:56,302 - __main__ - INFO - Saved Parquet file to /tmp/Citywide_Payroll_Data.parquet
2025-08-14 19:09:56,318 - __main__ - INFO - Parquet file uploaded to MinIO at project4-bronze/raw/Citywide_Payroll_Data.parquet
2025-08-14 19:09:56,319 - __main__ - INFO - URL for Jobs_NYC_Postings_Data.json: https://data.cityofnewyork.us/resource/kpav-sd4t.json
2025-08-14 19:09:56,319 - __main__ - INFO - Downloading JSON data from https://data.cityofnewyork.us/resource/kpav-sd4t.json
2025-08-14 19:09:58,742 - __main__ - INFO - Saved Parquet file to /tmp/Jobs_NYC_Postings_Data.parquet
2025-08-14 19:09:58,788 - __main__ - INFO - Parquet file uploaded to MinIO at project4-bronze/raw/Jobs_NYC_Postings_Data.parquet
2025-08-14 19:09:58,791 - __main__ - INFO - Data acquisition completed successfully.
