[2025-08-20T17:18:55.464+0000] {local_task_job_runner.py:120} INFO - ::group::Pre task execution logs
[2025-08-20T17:18:55.485+0000] {taskinstance.py:2076} INFO - Dependencies all met for dep_context=non-requeueable deps ti=<TaskInstance: data_acquisition_dag.run_data_acquisition manual__2025-08-20T17:18:52.977624+00:00 [queued]>
[2025-08-20T17:18:55.493+0000] {taskinstance.py:2076} INFO - Dependencies all met for dep_context=requeueable deps ti=<TaskInstance: data_acquisition_dag.run_data_acquisition manual__2025-08-20T17:18:52.977624+00:00 [queued]>
[2025-08-20T17:18:55.494+0000] {taskinstance.py:2306} INFO - Starting attempt 1 of 1
[2025-08-20T17:18:55.526+0000] {taskinstance.py:2330} INFO - Executing <Task(PythonOperator): run_data_acquisition> on 2025-08-20 17:18:52.977624+00:00
[2025-08-20T17:18:55.532+0000] {standard_task_runner.py:63} INFO - Started process 55071 to run task
[2025-08-20T17:18:55.535+0000] {standard_task_runner.py:90} INFO - Running: ['airflow', 'tasks', 'run', 'data_acquisition_dag', 'run_data_acquisition', 'manual__2025-08-20T17:18:52.977624+00:00', '--job-id', '15', '--raw', '--subdir', 'DAGS_FOLDER/ingestion_dag.py', '--cfg-path', '/tmp/tmphtiglaah']
[2025-08-20T17:18:55.537+0000] {standard_task_runner.py:91} INFO - Job 15: Subtask run_data_acquisition
[2025-08-20T17:18:55.610+0000] {task_command.py:426} INFO - Running <TaskInstance: data_acquisition_dag.run_data_acquisition manual__2025-08-20T17:18:52.977624+00:00 [running]> on host 4e81cb17b5ff
[2025-08-20T17:18:55.715+0000] {taskinstance.py:2648} INFO - Exporting env vars: AIRFLOW_CTX_DAG_OWNER='airflow' AIRFLOW_CTX_DAG_ID='data_acquisition_dag' AIRFLOW_CTX_TASK_ID='run_data_acquisition' AIRFLOW_CTX_EXECUTION_DATE='2025-08-20T17:18:52.977624+00:00' AIRFLOW_CTX_TRY_NUMBER='1' AIRFLOW_CTX_DAG_RUN_ID='manual__2025-08-20T17:18:52.977624+00:00'
[2025-08-20T17:18:55.715+0000] {taskinstance.py:430} INFO - ::endgroup::
[2025-08-20T17:18:55.723+0000] {ingestion_dag.py:23} INFO - Running data acquisition tasks for manual__2025-08-20T17:18:52.977624+00:00
[2025-08-20T17:18:55.723+0000] {data_acquisition.py:80} INFO - ============================================================
[2025-08-20T17:18:55.723+0000] {data_acquisition.py:81} INFO - STARTING DATA ACQUISITION
[2025-08-20T17:18:55.724+0000] {data_acquisition.py:82} INFO - ============================================================
[2025-08-20T17:18:55.756+0000] {logging_mixin.py:188} WARNING - /opt/airflow/src/data_acquisition.py:64 FutureWarning: DataFrame.applymap has been deprecated. Use DataFrame.map instead.
[2025-08-20T17:18:55.780+0000] {logging_mixin.py:188} INFO - Uploaded raw/Advertised_Salary.parquet to MinIO
[2025-08-20T17:18:55.781+0000] {logging_mixin.py:188} WARNING - /opt/airflow/src/data_acquisition.py:64 FutureWarning: DataFrame.applymap has been deprecated. Use DataFrame.map instead.
[2025-08-20T17:18:55.793+0000] {logging_mixin.py:188} INFO - Uploaded raw/Advertised_Salary_Trend.parquet to MinIO
[2025-08-20T17:18:55.794+0000] {logging_mixin.py:188} WARNING - /opt/airflow/src/data_acquisition.py:64 FutureWarning: DataFrame.applymap has been deprecated. Use DataFrame.map instead.
[2025-08-20T17:18:55.808+0000] {logging_mixin.py:188} INFO - Uploaded raw/Full_Text_Job_Posting_Samples.parquet to MinIO
[2025-08-20T17:18:55.810+0000] {logging_mixin.py:188} WARNING - /opt/airflow/src/data_acquisition.py:64 FutureWarning: DataFrame.applymap has been deprecated. Use DataFrame.map instead.
[2025-08-20T17:18:55.822+0000] {logging_mixin.py:188} INFO - Uploaded raw/Job_Postings_Timeseries.parquet to MinIO
[2025-08-20T17:18:55.823+0000] {logging_mixin.py:188} WARNING - /opt/airflow/src/data_acquisition.py:64 FutureWarning: DataFrame.applymap has been deprecated. Use DataFrame.map instead.
[2025-08-20T17:18:55.836+0000] {logging_mixin.py:188} INFO - Uploaded raw/Edu_and_Experience_Breakdown.parquet to MinIO
[2025-08-20T17:18:55.837+0000] {logging_mixin.py:188} WARNING - /opt/airflow/src/data_acquisition.py:64 FutureWarning: DataFrame.applymap has been deprecated. Use DataFrame.map instead.
[2025-08-20T17:18:55.849+0000] {logging_mixin.py:188} INFO - Uploaded raw/Edu_and_Experience_Break..._2.parquet to MinIO
[2025-08-20T17:18:55.850+0000] {logging_mixin.py:188} WARNING - /opt/airflow/src/data_acquisition.py:64 FutureWarning: DataFrame.applymap has been deprecated. Use DataFrame.map instead.
[2025-08-20T17:18:55.863+0000] {logging_mixin.py:188} INFO - Uploaded raw/Edu_and_Experience_Break..._3.parquet to MinIO
[2025-08-20T17:18:55.864+0000] {logging_mixin.py:188} WARNING - /opt/airflow/src/data_acquisition.py:64 FutureWarning: DataFrame.applymap has been deprecated. Use DataFrame.map instead.
[2025-08-20T17:18:55.877+0000] {logging_mixin.py:188} INFO - Uploaded raw/Job_Postings_Top_Companies.parquet to MinIO
[2025-08-20T17:18:55.878+0000] {logging_mixin.py:188} WARNING - /opt/airflow/src/data_acquisition.py:64 FutureWarning: DataFrame.applymap has been deprecated. Use DataFrame.map instead.
[2025-08-20T17:18:55.894+0000] {logging_mixin.py:188} INFO - Uploaded raw/Job_Postings_Top_Cities.parquet to MinIO
[2025-08-20T17:18:55.895+0000] {logging_mixin.py:188} WARNING - /opt/airflow/src/data_acquisition.py:64 FutureWarning: DataFrame.applymap has been deprecated. Use DataFrame.map instead.
[2025-08-20T17:18:55.907+0000] {logging_mixin.py:188} INFO - Uploaded raw/Job_Postings_Top_Occs.parquet to MinIO
[2025-08-20T17:18:55.909+0000] {logging_mixin.py:188} WARNING - /opt/airflow/src/data_acquisition.py:64 FutureWarning: DataFrame.applymap has been deprecated. Use DataFrame.map instead.
[2025-08-20T17:18:55.921+0000] {logging_mixin.py:188} INFO - Uploaded raw/Job_Postings_Top_Occs_2.parquet to MinIO
[2025-08-20T17:18:55.922+0000] {logging_mixin.py:188} WARNING - /opt/airflow/src/data_acquisition.py:64 FutureWarning: DataFrame.applymap has been deprecated. Use DataFrame.map instead.
[2025-08-20T17:18:55.934+0000] {logging_mixin.py:188} INFO - Uploaded raw/Job_Postings_Top_Occs_3.parquet to MinIO
[2025-08-20T17:18:55.936+0000] {logging_mixin.py:188} WARNING - /opt/airflow/src/data_acquisition.py:64 FutureWarning: DataFrame.applymap has been deprecated. Use DataFrame.map instead.
[2025-08-20T17:18:55.948+0000] {logging_mixin.py:188} INFO - Uploaded raw/Job_Postings_Job_Titles.parquet to MinIO
[2025-08-20T17:18:55.949+0000] {logging_mixin.py:188} WARNING - /opt/airflow/src/data_acquisition.py:64 FutureWarning: DataFrame.applymap has been deprecated. Use DataFrame.map instead.
[2025-08-20T17:18:55.962+0000] {logging_mixin.py:188} INFO - Uploaded raw/Job_Postings_Top_Inds.parquet to MinIO
[2025-08-20T17:18:55.963+0000] {logging_mixin.py:188} WARNING - /opt/airflow/src/data_acquisition.py:64 FutureWarning: DataFrame.applymap has been deprecated. Use DataFrame.map instead.
[2025-08-20T17:18:55.976+0000] {logging_mixin.py:188} INFO - Uploaded raw/Top_Specialized_Skills.parquet to MinIO
[2025-08-20T17:18:55.978+0000] {logging_mixin.py:188} WARNING - /opt/airflow/src/data_acquisition.py:64 FutureWarning: DataFrame.applymap has been deprecated. Use DataFrame.map instead.
[2025-08-20T17:18:55.990+0000] {logging_mixin.py:188} INFO - Uploaded raw/Top_Common_Skills.parquet to MinIO
[2025-08-20T17:18:55.992+0000] {logging_mixin.py:188} WARNING - /opt/airflow/src/data_acquisition.py:64 FutureWarning: DataFrame.applymap has been deprecated. Use DataFrame.map instead.
[2025-08-20T17:18:56.005+0000] {logging_mixin.py:188} INFO - Uploaded raw/Top_Software_Skills.parquet to MinIO
[2025-08-20T17:18:56.006+0000] {logging_mixin.py:188} WARNING - /opt/airflow/src/data_acquisition.py:64 FutureWarning: DataFrame.applymap has been deprecated. Use DataFrame.map instead.
[2025-08-20T17:18:56.018+0000] {logging_mixin.py:188} INFO - Uploaded raw/Top_Qualifications_2.parquet to MinIO
[2025-08-20T17:18:56.019+0000] {logging_mixin.py:188} WARNING - /opt/airflow/src/data_acquisition.py:64 FutureWarning: DataFrame.applymap has been deprecated. Use DataFrame.map instead.
[2025-08-20T17:18:56.032+0000] {logging_mixin.py:188} INFO - Uploaded raw/Appendix_A.parquet to MinIO
[2025-08-20T17:18:56.032+0000] {data_acquisition.py:92} INFO - URL for Citywide_Payroll_Data.json: https://data.cityofnewyork.us/resource/k397-673e.json
[2025-08-20T17:18:56.033+0000] {data_acquisition.py:16} INFO - Downloading JSON data from https://data.cityofnewyork.us/resource/k397-673e.json
[2025-08-20T17:18:57.403+0000] {data_acquisition.py:26} INFO - Saved Parquet file to /tmp/Citywide_Payroll_Data.parquet
[2025-08-20T17:18:57.424+0000] {data_acquisition.py:41} INFO - Parquet file uploaded to MinIO at project4-bronze/raw/Citywide_Payroll_Data.parquet
[2025-08-20T17:18:57.425+0000] {data_acquisition.py:92} INFO - URL for Jobs_NYC_Postings_Data.json: https://data.cityofnewyork.us/resource/kpav-sd4t.json
[2025-08-20T17:18:57.426+0000] {data_acquisition.py:16} INFO - Downloading JSON data from https://data.cityofnewyork.us/resource/kpav-sd4t.json
[2025-08-20T17:18:59.580+0000] {data_acquisition.py:26} INFO - Saved Parquet file to /tmp/Jobs_NYC_Postings_Data.parquet
[2025-08-20T17:18:59.652+0000] {data_acquisition.py:41} INFO - Parquet file uploaded to MinIO at project4-bronze/raw/Jobs_NYC_Postings_Data.parquet
[2025-08-20T17:18:59.657+0000] {ingestion_dag.py:30} INFO - Data acquisition tasks completed successfully for manual__2025-08-20T17:18:52.977624+00:00
[2025-08-20T17:18:59.658+0000] {python.py:237} INFO - Done. Returned value was: True
[2025-08-20T17:18:59.659+0000] {taskinstance.py:441} INFO - ::group::Post task execution logs
[2025-08-20T17:18:59.717+0000] {taskinstance.py:1206} INFO - Marking task as SUCCESS. dag_id=data_acquisition_dag, task_id=run_data_acquisition, run_id=manual__2025-08-20T17:18:52.977624+00:00, execution_date=20250820T171852, start_date=20250820T171855, end_date=20250820T171859
[2025-08-20T17:18:59.797+0000] {local_task_job_runner.py:240} INFO - Task exited with return code 0
[2025-08-20T17:18:59.813+0000] {taskinstance.py:3503} INFO - 0 downstream tasks scheduled from follow-on schedule check
[2025-08-20T17:18:59.815+0000] {local_task_job_runner.py:222} INFO - ::endgroup::
